<?xml version="1.0" encoding="UTF-8"?>
<testng-results ignored="0" total="5" passed="5" failed="0" skipped="0">
  <reporter-output>
  </reporter-output>
  <suite started-at="2024-12-11T21:30:03 IST" name="Suite" finished-at="2024-12-11T21:31:20 IST" duration-ms="77039">
    <groups>
    </groups>
    <test started-at="2024-12-11T21:30:03 IST" name="Test3" finished-at="2024-12-11T21:30:25 IST" duration-ms="22442">
      <class name="amazon_test.Test_case1">
        <test-method is-config="true" signature="launch()[pri:0, instance:amazon_test.Test_case1@2794eab6]" started-at="2024-12-11T21:30:03 IST" name="launch" finished-at="2024-12-11T21:30:22 IST" duration-ms="19606" status="PASS">
          <reporter-output>
          </reporter-output>
        </test-method> <!-- launch -->
        <test-method signature="test()[pri:0, instance:amazon_test.Test_case1@2794eab6]" started-at="2024-12-11T21:30:22 IST" name="test" finished-at="2024-12-11T21:30:25 IST" duration-ms="2820" status="PASS">
          <reporter-output>
          </reporter-output>
        </test-method> <!-- test -->
      </class> <!-- amazon_test.Test_case1 -->
    </test> <!-- Test3 -->
    <test started-at="2024-12-11T21:30:03 IST" name="Test4" finished-at="2024-12-11T21:30:40 IST" duration-ms="37351">
      <class name="amazon_test.TestCase2">
        <test-method is-config="true" signature="launch()[pri:0, instance:amazon_test.TestCase2@248e319b]" started-at="2024-12-11T21:30:03 IST" name="launch" finished-at="2024-12-11T21:30:20 IST" duration-ms="17389" status="PASS">
          <reporter-output>
          </reporter-output>
        </test-method> <!-- launch -->
        <test-method signature="cred()[pri:0, instance:amazon_test.TestCase2@248e319b]" started-at="2024-12-11T21:30:20 IST" name="cred" finished-at="2024-12-11T21:30:40 IST" duration-ms="19915" status="PASS">
          <reporter-output>
          </reporter-output>
        </test-method> <!-- cred -->
      </class> <!-- amazon_test.TestCase2 -->
    </test> <!-- Test4 -->
    <test started-at="2024-12-11T21:30:03 IST" name="Test2" finished-at="2024-12-11T21:30:47 IST" duration-ms="44462">
      <class name="amazon_test.TestCase3">
        <test-method is-config="true" signature="launch()[pri:0, instance:amazon_test.TestCase3@74d1dc36]" started-at="2024-12-11T21:30:03 IST" name="launch" finished-at="2024-12-11T21:30:23 IST" duration-ms="20037" status="PASS">
          <reporter-output>
          </reporter-output>
        </test-method> <!-- launch -->
        <test-method signature="wish()[pri:0, instance:amazon_test.TestCase3@74d1dc36]" started-at="2024-12-11T21:30:23 IST" name="wish" finished-at="2024-12-11T21:30:47 IST" duration-ms="24415" status="PASS">
          <reporter-output>
          </reporter-output>
        </test-method> <!-- wish -->
      </class> <!-- amazon_test.TestCase3 -->
    </test> <!-- Test2 -->
    <test started-at="2024-12-11T21:30:03 IST" name="Test5" finished-at="2024-12-11T21:31:15 IST" duration-ms="72474">
      <class name="amazon_test.TestCase4">
        <test-method is-config="true" signature="launch()[pri:0, instance:amazon_test.TestCase4@543295b0]" started-at="2024-12-11T21:30:03 IST" name="launch" finished-at="2024-12-11T21:30:23 IST" duration-ms="20639" status="PASS">
          <reporter-output>
          </reporter-output>
        </test-method> <!-- launch -->
        <test-method signature="cred()[pri:0, instance:amazon_test.TestCase4@543295b0]" started-at="2024-12-11T21:30:23 IST" name="cred" finished-at="2024-12-11T21:31:15 IST" duration-ms="51825" status="PASS">
          <reporter-output>
          </reporter-output>
        </test-method> <!-- cred -->
      </class> <!-- amazon_test.TestCase4 -->
    </test> <!-- Test5 -->
    <test started-at="2024-12-11T21:30:03 IST" name="Test1" finished-at="2024-12-11T21:31:20 IST" duration-ms="77039">
      <class name="amazon_test.TestCase5">
        <test-method is-config="true" signature="launch()[pri:0, instance:amazon_test.TestCase5@202b0582]" started-at="2024-12-11T21:30:03 IST" name="launch" finished-at="2024-12-11T21:30:23 IST" duration-ms="19996" status="PASS">
          <reporter-output>
          </reporter-output>
        </test-method> <!-- launch -->
        <test-method signature="remove()[pri:0, instance:amazon_test.TestCase5@202b0582]" started-at="2024-12-11T21:30:23 IST" name="remove" finished-at="2024-12-11T21:31:20 IST" duration-ms="57030" status="PASS">
          <reporter-output>
          </reporter-output>
        </test-method> <!-- remove -->
      </class> <!-- amazon_test.TestCase5 -->
    </test> <!-- Test1 -->
  </suite> <!-- Suite -->
</testng-results>
