<?xml version="1.0" encoding="UTF-8"?>
<testng-results ignored="0" total="1" passed="1" failed="0" skipped="0">
  <reporter-output>
  </reporter-output>
  <suite started-at="2024-12-17T20:26:12 IST" name="Default suite" finished-at="2024-12-17T20:26:26 IST" duration-ms="14015">
    <groups>
    </groups>
    <test started-at="2024-12-17T20:26:12 IST" name="Default test" finished-at="2024-12-17T20:26:26 IST" duration-ms="14015">
      <class name="project_test.TestCase8">
        <test-method is-config="true" signature="launch()[pri:0, instance:project_test.TestCase8@17f9d882]" started-at="2024-12-17T20:26:12 IST" name="launch" finished-at="2024-12-17T20:26:17 IST" duration-ms="5797" status="PASS">
          <reporter-output>
          </reporter-output>
        </test-method> <!-- launch -->
        <test-method signature="sort()[pri:0, instance:project_test.TestCase8@17f9d882]" started-at="2024-12-17T20:26:17 IST" name="sort" finished-at="2024-12-17T20:26:26 IST" duration-ms="8187" status="PASS">
          <reporter-output>
          </reporter-output>
        </test-method> <!-- sort -->
      </class> <!-- project_test.TestCase8 -->
    </test> <!-- Default test -->
  </suite> <!-- Default suite -->
</testng-results>
